<?xml version="1.0" encoding="UTF-8"?>
<!-- Generated by org.testng.reporters.JUnitReportReporter -->
<testsuite hostname="DESKTOP-5DJG0VO" failures="0" tests="1" name="crm.OrgTest.CreateOrganisationTest" time="21.702" errors="0" timestamp="2024-05-03T16:34:08 IST" skipped="0">
  <testcase classname="crm.OrgTest.CreateOrganisationTest" name="createOrganisationTest" time="21.702"/>
</testsuite> <!-- crm.OrgTest.CreateOrganisationTest -->
