<?xml version="1.0" encoding="UTF-8"?>
<!-- Generated by org.testng.reporters.JUnitReportReporter -->
<testsuite hostname="DESKTOP-5DJG0VO" failures="0" tests="4" name="crm.OrgTest.CreateOrgWith4Scripts" time="97.556" errors="0" timestamp="2024-05-06T14:50:47 IST" skipped="0">
  <testcase classname="crm.OrgTest.CreateOrgWith4Scripts" name="createOrgWithPhoneNumTest" time="35.731"/>
  <testcase classname="crm.OrgTest.CreateOrgWith4Scripts" name="createOrgWithIndustryTypeTest" time="17.693"/>
  <testcase classname="crm.OrgTest.CreateOrgWith4Scripts" name="deleteOrgNameTest" time="24.588"/>
  <testcase classname="crm.OrgTest.CreateOrgWith4Scripts" name="createOrganisationTest" time="19.544"/>
</testsuite> <!-- crm.OrgTest.CreateOrgWith4Scripts -->
