<?xml version="1.0" encoding="UTF-8"?>
<!-- Generated by org.testng.reporters.JUnitReportReporter -->
<testsuite hostname="DESKTOP-5DJG0VO" failures="0" tests="1" name="crm.ContactTest.CreateContactTest" time="21.930" errors="0" timestamp="2024-05-02T12:43:34 IST" skipped="0">
  <testcase classname="crm.ContactTest.CreateContactTest" name="createContactTest" time="21.930"/>
</testsuite> <!-- crm.ContactTest.CreateContactTest -->
